2021-06-13T20:23:12+00:00 CRITICAL Uncaught ArgumentCountError: 3 arguments are required, 2 given in C:\xampp\htdocs\holamundowordpress\wp-admin\includes\class-bulk-upgrader-skin.php:152
Stack trace:
#0 C:\xampp\htdocs\holamundowordpress\wp-admin\includes\class-bulk-upgrader-skin.php(152): sprintf('%1$s installed ...', '99Fy Core')
#1 C:\xampp\htdocs\holamundowordpress\wp-content\themes\99fy\inc\tgm-plugin\class-tgm-plugin-activation.php(3553): Bulk_Upgrader_Skin->after('99Fy Core')
#2 C:\xampp\htdocs\holamundowordpress\wp-admin\includes\class-wp-upgrader.php(823): TGMPA_Bulk_Installer_Skin->after()
#3 C:\xampp\htdocs\holamundowordpress\wp-content\themes\99fy\inc\tgm-plugin\class-tgm-plugin-activation.php(3173): WP_Upgrader->run(Array)
#4 C:\xampp\htdocs\holamundowordpress\wp-content\themes\99fy\inc\tgm-plugin\class-tgm-plugin-activation.php(3286): TGMPA_Bulk_Installer->run(Array)
#5 C:\xampp\htdocs\holamundowordpress\wp-content\themes\99fy\inc\tgm-plugin\class-tgm-plugin-activation.php(2892): TGMPA_Bulk_Installer->bulk_install(Array)
#6 C:\xampp\htdocs\holamundowordpress\wp-content\themes\99fy\inc\tgm-plugin\class-tgm-plugin-activation.php(658): TGMPA_List_Table->process_bulk_actions()
#7 C:\xampp\htdocs\holamundowordpress\wp-includes\class-wp-hook.php(292): TGM_Plugin_Activation->install_plugins_page('')
#8 C:\xampp\htdocs\holamundowordpress\wp-includes\class-wp-hook.php(316): WP_Hook->apply_filters('', Array)
#9 C:\xampp\htdocs\holamundowordpress\wp-includes\plugin.php(484): WP_Hook->do_action(Array)
#10 C:\xampp\htdocs\holamundowordpress\wp-admin\admin.php(259): do_action('appearance_page...')
#11 C:\xampp\htdocs\holamundowordpress\wp-admin\themes.php(10): require_once('C:\\xampp\\htdocs...')
#12 {main}
  thrown en C:\xampp\htdocs\holamundowordpress\wp-admin\includes\class-bulk-upgrader-skin.php en la línea 152

2021-06-13T20:28:10+00:00 CRITICAL Uncaught ArgumentCountError: 3 arguments are required, 2 given in C:\xampp\htdocs\holamundowordpress\wp-admin\includes\class-bulk-upgrader-skin.php:152
Stack trace:
#0 C:\xampp\htdocs\holamundowordpress\wp-admin\includes\class-bulk-upgrader-skin.php(152): sprintf('%1$s installed ...', 'HT Menu - WordP...')
#1 C:\xampp\htdocs\holamundowordpress\wp-content\themes\99fy\inc\tgm-plugin\class-tgm-plugin-activation.php(3553): Bulk_Upgrader_Skin->after('HT Menu - WordP...')
#2 C:\xampp\htdocs\holamundowordpress\wp-admin\includes\class-wp-upgrader.php(823): TGMPA_Bulk_Installer_Skin->after()
#3 C:\xampp\htdocs\holamundowordpress\wp-content\themes\99fy\inc\tgm-plugin\class-tgm-plugin-activation.php(3173): WP_Upgrader->run(Array)
#4 C:\xampp\htdocs\holamundowordpress\wp-content\themes\99fy\inc\tgm-plugin\class-tgm-plugin-activation.php(3286): TGMPA_Bulk_Installer->run(Array)
#5 C:\xampp\htdocs\holamundowordpress\wp-content\themes\99fy\inc\tgm-plugin\class-tgm-plugin-activation.php(2892): TGMPA_Bulk_Installer->bulk_install(Array)
#6 C:\xampp\htdocs\holamundowordpress\wp-content\themes\99fy\inc\tgm-plugin\class-tgm-plugin-activation.php(658): TGMPA_List_Table->process_bulk_actions()
#7 C:\xampp\htdocs\holamundowordpress\wp-includes\class-wp-hook.php(292): TGM_Plugin_Activation->install_plugins_page('')
#8 C:\xampp\htdocs\holamundowordpress\wp-includes\class-wp-hook.php(316): WP_Hook->apply_filters('', Array)
#9 C:\xampp\htdocs\holamundowordpress\wp-includes\plugin.php(484): WP_Hook->do_action(Array)
#10 C:\xampp\htdocs\holamundowordpress\wp-admin\admin.php(259): do_action('appearance_page...')
#11 C:\xampp\htdocs\holamundowordpress\wp-admin\themes.php(10): require_once('C:\\xampp\\htdocs...')
#12 {main}
  thrown en C:\xampp\htdocs\holamundowordpress\wp-admin\includes\class-bulk-upgrader-skin.php en la línea 152

